# JRE version: Java(TM) SE Runtime Environment (7.0_80-b15) (build 1.7.0_80-b15)
# Java VM: Java HotSpot(TM) 64-Bit Server VM (24.80-b11 mixed mode bsd-amd64 compressed oops)
Heap
 PSYoungGen      total 319488K, used 26982K [0x00000007eaa80000, 0x00000007ffe00000, 0x0000000800000000)
  eden space 292352K, 9% used [0x00000007eaa80000,0x00000007ec4d9a08,0x00000007fc800000)
  from space 27136K, 0% used [0x00000007fe380000,0x00000007fe380000,0x00000007ffe00000)
  to   space 27648K, 0% used [0x00000007fc800000,0x00000007fc800000,0x00000007fe300000)
 ParOldGen       total 174592K, used 49894K [0x00000007c0000000, 0x00000007caa80000, 0x00000007eaa80000)
  object space 174592K, 28% used [0x00000007c0000000,0x00000007c30b9a00,0x00000007caa80000)
 PSPermGen       total 110592K, used 55096K [0x00000007b0000000, 0x00000007b6c00000, 0x00000007c0000000)
  object space 110592K, 49% used [0x00000007b0000000,0x00000007b35ce098,0x00000007b6c00000)
GC Heap History (10 events):
Event: 5749.856 GC heap before
{Heap before GC invocations=13 (full 1):
 PSYoungGen      total 320512K, used 304918K [0x00000007eaa80000, 0x0000000800000000, 0x0000000800000000)
  eden space 291328K, 100% used [0x00000007eaa80000,0x00000007fc700000,0x00000007fc700000)
  from space 29184K, 46% used [0x00000007fc700000,0x00000007fd445b80,0x00000007fe380000)
  to   space 28160K, 0% used [0x00000007fe480000,0x00000007fe480000,0x0000000800000000)
 ParOldGen       total 174592K, used 57941K [0x00000007c0000000, 0x00000007caa80000, 0x00000007eaa80000)
  object space 174592K, 33% used [0x00000007c0000000,0x00000007c3895760,0x00000007caa80000)
 PSPermGen       total 92160K, used 54769K [0x00000007b0000000, 0x00000007b5a00000, 0x00000007c0000000)
  object space 92160K, 59% used [0x00000007b0000000,0x00000007b357c4c8,0x00000007b5a00000)
Event: 5749.895 GC heap after
Heap after GC invocations=13 (full 1):
 PSYoungGen      total 318464K, used 9601K [0x00000007eaa80000, 0x00000007ffe00000, 0x0000000800000000)
  eden space 292352K, 0% used [0x00000007eaa80000,0x00000007eaa80000,0x00000007fc800000)
  from space 26112K, 36% used [0x00000007fe480000,0x00000007fede07d0,0x00000007ffe00000)
  to   space 27648K, 0% used [0x00000007fc800000,0x00000007fc800000,0x00000007fe300000)
 ParOldGen       total 174592K, used 60646K [0x00000007c0000000, 0x00000007caa80000, 0x00000007eaa80000)
  object space 174592K, 34% used [0x00000007c0000000,0x00000007c3b39800,0x00000007caa80000)
 PSPermGen       total 92160K, used 54769K [0x00000007b0000000, 0x00000007b5a00000, 0x00000007c0000000)
  object space 92160K, 59% used [0x00000007b0000000,0x00000007b357c4c8,0x00000007b5a00000)
}
Event: 5779.975 GC heap before
{Heap before GC invocations=14 (full 1):
 PSYoungGen      total 318464K, used 53159K [0x00000007eaa80000, 0x00000007ffe00000, 0x0000000800000000)
  eden space 292352K, 14% used [0x00000007eaa80000,0x00000007ed5096b8,0x00000007fc800000)
  from space 26112K, 36% used [0x00000007fe480000,0x00000007fede07d0,0x00000007ffe00000)
  to   space 27648K, 0% used [0x00000007fc800000,0x00000007fc800000,0x00000007fe300000)
 ParOldGen       total 174592K, used 60646K [0x00000007c0000000, 0x00000007caa80000, 0x00000007eaa80000)
  object space 174592K, 34% used [0x00000007c0000000,0x00000007c3b39800,0x00000007caa80000)
 PSPermGen       total 92160K, used 55629K [0x00000007b0000000, 0x00000007b5a00000, 0x00000007c0000000)
  object space 92160K, 60% used [0x00000007b0000000,0x00000007b3653730,0x00000007b5a00000)
Event: 5779.983 GC heap after
Heap after GC invocations=14 (full 1):
 PSYoungGen      total 320000K, used 2663K [0x00000007eaa80000, 0x00000007fff00000, 0x0000000800000000)
  eden space 292352K, 0% used [0x00000007eaa80000,0x00000007eaa80000,0x00000007fc800000)
  from space 27648K, 9% used [0x00000007fc800000,0x00000007fca99de0,0x00000007fe300000)
  to   space 28160K, 0% used [0x00000007fe380000,0x00000007fe380000,0x00000007fff00000)
 ParOldGen       total 174592K, used 65189K [0x00000007c0000000, 0x00000007caa80000, 0x00000007eaa80000)
  object space 174592K, 37% used [0x00000007c0000000,0x00000007c3fa94a8,0x00000007caa80000)
 PSPermGen       total 92160K, used 55629K [0x00000007b0000000, 0x00000007b5a00000, 0x00000007c0000000)
  object space 92160K, 60% used [0x00000007b0000000,0x00000007b3653730,0x00000007b5a00000)
}
Event: 5779.983 GC heap before
{Heap before GC invocations=15 (full 2):
 PSYoungGen      total 320000K, used 2663K [0x00000007eaa80000, 0x00000007fff00000, 0x0000000800000000)
  eden space 292352K, 0% used [0x00000007eaa80000,0x00000007eaa80000,0x00000007fc800000)
  from space 27648K, 9% used [0x00000007fc800000,0x00000007fca99de0,0x00000007fe300000)
  to   space 28160K, 0% used [0x00000007fe380000,0x00000007fe380000,0x00000007fff00000)
 ParOldGen       total 174592K, used 65189K [0x00000007c0000000, 0x00000007caa80000, 0x00000007eaa80000)
  object space 174592K, 37% used [0x00000007c0000000,0x00000007c3fa94a8,0x00000007caa80000)
 PSPermGen       total 92160K, used 55629K [0x00000007b0000000, 0x00000007b5a00000, 0x00000007c0000000)
  object space 92160K, 60% used [0x00000007b0000000,0x00000007b3653730,0x00000007b5a00000)
Event: 5780.295 GC heap after
Heap after GC invocations=15 (full 2):
 PSYoungGen      total 320000K, used 0K [0x00000007eaa80000, 0x00000007fff00000, 0x0000000800000000)
  eden space 292352K, 0% used [0x00000007eaa80000,0x00000007eaa80000,0x00000007fc800000)
  from space 27648K, 0% used [0x00000007fc800000,0x00000007fc800000,0x00000007fe300000)
  to   space 28160K, 0% used [0x00000007fe380000,0x00000007fe380000,0x00000007fff00000)
 ParOldGen       total 174592K, used 44432K [0x00000007c0000000, 0x00000007caa80000, 0x00000007eaa80000)
  object space 174592K, 25% used [0x00000007c0000000,0x00000007c2b64188,0x00000007caa80000)
 PSPermGen       total 109568K, used 54352K [0x00000007b0000000, 0x00000007b6b00000, 0x00000007c0000000)
  object space 109568K, 49% used [0x00000007b0000000,0x00000007b3514250,0x00000007b6b00000)
}
Event: 6509.725 GC heap before
{Heap before GC invocations=16 (full 2):
 PSYoungGen      total 320000K, used 141197K [0x00000007eaa80000, 0x00000007fff00000, 0x0000000800000000)
  eden space 292352K, 48% used [0x00000007eaa80000,0x00000007f3463690,0x00000007fc800000)
  from space 27648K, 0% used [0x00000007fc800000,0x00000007fc800000,0x00000007fe300000)
  to   space 28160K, 0% used [0x00000007fe380000,0x00000007fe380000,0x00000007fff00000)
 ParOldGen       total 174592K, used 44432K [0x00000007c0000000, 0x00000007caa80000, 0x00000007eaa80000)
  object space 174592K, 25% used [0x00000007c0000000,0x00000007c2b64188,0x00000007caa80000)
 PSPermGen       total 109568K, used 55038K [0x00000007b0000000, 0x00000007b6b00000, 0x00000007c0000000)
  object space 109568K, 50% used [0x00000007b0000000,0x00000007b35bfb90,0x00000007b6b00000)
Event: 6509.735 GC heap after
Heap after GC invocations=16 (full 2):
 PSYoungGen      total 319488K, used 6544K [0x00000007eaa80000, 0x00000007ffe00000, 0x0000000800000000)
  eden space 292352K, 0% used [0x00000007eaa80000,0x00000007eaa80000,0x00000007fc800000)
  from space 27136K, 24% used [0x00000007fe380000,0x00000007fe9e4030,0x00000007ffe00000)
  to   space 27648K, 0% used [0x00000007fc800000,0x00000007fc800000,0x00000007fe300000)
 ParOldGen       total 174592K, used 44432K [0x00000007c0000000, 0x00000007caa80000, 0x00000007eaa80000)
  object space 174592K, 25% used [0x00000007c0000000,0x00000007c2b64188,0x00000007caa80000)
 PSPermGen       total 109568K, used 55038K [0x00000007b0000000, 0x00000007b6b00000, 0x00000007c0000000)
  object space 109568K, 50% used [0x00000007b0000000,0x00000007b35bfb90,0x00000007b6b00000)
}
Event: 6509.735 GC heap before
{Heap before GC invocations=17 (full 3):
 PSYoungGen      total 319488K, used 6544K [0x00000007eaa80000, 0x00000007ffe00000, 0x0000000800000000)
  eden space 292352K, 0% used [0x00000007eaa80000,0x00000007eaa80000,0x00000007fc800000)
  from space 27136K, 24% used [0x00000007fe380000,0x00000007fe9e4030,0x00000007ffe00000)
  to   space 27648K, 0% used [0x00000007fc800000,0x00000007fc800000,0x00000007fe300000)
 ParOldGen       total 174592K, used 44432K [0x00000007c0000000, 0x00000007caa80000, 0x00000007eaa80000)
  object space 174592K, 25% used [0x00000007c0000000,0x00000007c2b64188,0x00000007caa80000)
 PSPermGen       total 109568K, used 55038K [0x00000007b0000000, 0x00000007b6b00000, 0x00000007c0000000)
  object space 109568K, 50% used [0x00000007b0000000,0x00000007b35bfb90,0x00000007b6b00000)
Event: 6510.307 GC heap after
Heap after GC invocations=17 (full 3):
 PSYoungGen      total 319488K, used 0K [0x00000007eaa80000, 0x00000007ffe00000, 0x0000000800000000)
  eden space 292352K, 0% used [0x00000007eaa80000,0x00000007eaa80000,0x00000007fc800000)
  from space 27136K, 0% used [0x00000007fe380000,0x00000007fe380000,0x00000007ffe00000)
  to   space 27648K, 0% used [0x00000007fc800000,0x00000007fc800000,0x00000007fe300000)
 ParOldGen       total 174592K, used 49894K [0x00000007c0000000, 0x00000007caa80000, 0x00000007eaa80000)
  object space 174592K, 28% used [0x00000007c0000000,0x00000007c30b9a00,0x00000007caa80000)
 PSPermGen       total 110592K, used 55002K [0x00000007b0000000, 0x00000007b6c00000, 0x00000007c0000000)
  object space 110592K, 49% used [0x00000007b0000000,0x00000007b35b6bf0,0x00000007b6c00000)
}

